This is pdfTeX, Version 3.14159265-2.6-1.40.21 (MiKTeX 20.11) (preloaded format=pdflatex 2020.11.7)  16 MAR 2021 19:31
entering extended mode
**"c:/Users/chris/OneDrive/Documentos/Latex/Proyecto Geometria/Geometria/Soluciones Teorema Geometria.tex"
("c:/Users/chris/OneDrive/Documentos/Latex/Proyecto Geometria/Geometria/Soluciones Teorema Geometria.tex"
LaTeX2e <2020-10-01> patch level 2
L3 programming layer <2020-10-27> xparse <2020-03-03> ("C:\Users\chris\AppData\Local\Programs\MiKTeX 2.9\tex/latex/base\book.cls"
Document Class: book 2020/04/10 v1.4m Standard LaTeX document class
("C:\Users\chris\AppData\Local\Programs\MiKTeX 2.9\tex/latex/base\bk12.clo"
File: bk12.clo 2020/04/10 v1.4m Standard LaTeX file (size option)
)
\c@part=\count175
\c@chapter=\count176
\c@section=\count177
\c@subsection=\count178
\c@subsubsection=\count179
\c@paragraph=\count180
\c@subparagraph=\count181
\c@figure=\count182
\c@table=\count183
\abovecaptionskip=\skip47
\belowcaptionskip=\skip48
\bibindent=\dimen138
) ("C:\Users\chris\AppData\Local\Programs\MiKTeX 2.9\tex/latex/geometry\geometry.sty"
Package: geometry 2020/01/02 v5.9 Page Geometry
 ("C:\Users\chris\AppData\Local\Programs\MiKTeX 2.9\tex/latex/graphics\keyval.sty"
Package: keyval 2014/10/28 v1.15 key=value parser (DPC)
\KV@toks@=\toks15
) ("C:\Users\chris\AppData\Local\Programs\MiKTeX 2.9\tex/generic/iftex\ifvtex.sty"
Package: ifvtex 2019/10/25 v1.7 ifvtex legacy package. Use iftex instead.
 ("C:\Users\chris\AppData\Local\Programs\MiKTeX 2.9\tex/generic/iftex\iftex.sty"
Package: iftex 2020/03/06 v1.0d TeX engine tests
))
\Gm@cnth=\count184
\Gm@cntv=\count185
\c@Gm@tempcnt=\count186
\Gm@bindingoffset=\dimen139
\Gm@wd@mp=\dimen140
\Gm@odd@mp=\dimen141
\Gm@even@mp=\dimen142
\Gm@layoutwidth=\dimen143
\Gm@layoutheight=\dimen144
\Gm@layouthoffset=\dimen145
\Gm@layoutvoffset=\dimen146
\Gm@dimlist=\toks16
 ("C:\Users\chris\AppData\Local\Programs\MiKTeX 2.9\tex/latex/geometry\geometry.cfg")) ("C:\Users\chris\AppData\Local\Programs\MiKTeX 2.9\tex/latex/base\inputenc.sty"
Package: inputenc 2020/08/01 v1.3d Input encoding file
\inpenc@prehook=\toks17
\inpenc@posthook=\toks18
) ("C:\Users\chris\AppData\Local\Programs\MiKTeX 2.9\tex/latex/graphics\graphicx.sty"
Package: graphicx 2020/09/09 v1.2b Enhanced LaTeX Graphics (DPC,SPQR)
 ("C:\Users\chris\AppData\Local\Programs\MiKTeX 2.9\tex/latex/graphics\graphics.sty"
Package: graphics 2020/08/30 v1.4c Standard LaTeX Graphics (DPC,SPQR)
 ("C:\Users\chris\AppData\Local\Programs\MiKTeX 2.9\tex/latex/graphics\trig.sty"
Package: trig 2016/01/03 v1.10 sin cos tan (DPC)
) ("C:\Users\chris\AppData\Local\Programs\MiKTeX 2.9\tex/latex/graphics-cfg\graphics.cfg"
File: graphics.cfg 2016/06/04 v1.11 sample graphics configuration
)
Package graphics Info: Driver file: pdftex.def on input line 105.
 ("C:\Users\chris\AppData\Local\Programs\MiKTeX 2.9\tex/latex/graphics-def\pdftex.def"
File: pdftex.def 2020/10/05 v1.2a Graphics/color driver for pdftex
))
\Gin@req@height=\dimen147
\Gin@req@width=\dimen148
) ("C:\Users\chris\AppData\Local\Programs\MiKTeX 2.9\tex/latex/fancyhdr\fancyhdr.sty"
Package: fancyhdr 2019/01/31 v3.10 Extensive control of page headers and footers
\f@nch@headwidth=\skip49
\f@nch@O@elh=\skip50
\f@nch@O@erh=\skip51
\f@nch@O@olh=\skip52
\f@nch@O@orh=\skip53
\f@nch@O@elf=\skip54
\f@nch@O@erf=\skip55
\f@nch@O@olf=\skip56
\f@nch@O@orf=\skip57
) ("C:\Users\chris\AppData\Local\Programs\MiKTeX 2.9\tex/generic/babel\babel.sty"
Package: babel 2020/10/27 3.51 The Babel package
 ("C:\Users\chris\AppData\Local\Programs\MiKTeX 2.9\tex/generic/babel\babel.def"
File: babel.def 2020/10/27 3.51 Babel common definitions
\babel@savecnt=\count187
\U@D=\dimen149
\l@babelnohyphens=\language79
 ("C:\Users\chris\AppData\Local\Programs\MiKTeX 2.9\tex/generic/babel\txtbabel.def")
\bbl@readstream=\read2
)
\bbl@dirlevel=\count188

*************************************
* Local config file bblopts.cfg used
*
("C:\Users\chris\AppData\Local\Programs\MiKTeX 2.9\tex/latex/arabi\bblopts.cfg"
File: bblopts.cfg 2005/09/08 v0.1 add Arabic and Farsi to "declared" options of babel
) ("C:\Users\chris\AppData\Local\Programs\MiKTeX 2.9\tex/latex/babel-spanish\spanish.ldf"
Language: spanish.ldf 2016/03/03 v5.0p Spanish support from the babel system
\es@quottoks=\toks19
\es@quotdepth=\count189
Package babel Info: Making " an active character on input line 561.
Package babel Info: Making . an active character on input line 662.
Package babel Info: Making < an active character on input line 707.
Package babel Info: Making > an active character on input line 707.
)) ("C:\Users\chris\AppData\Local\Programs\MiKTeX 2.9\tex/latex/amsmath\amsmath.sty"
Package: amsmath 2020/09/23 v2.17i AMS math features
\@mathmargin=\skip58

For additional information on amsmath, use the `?' option.
("C:\Users\chris\AppData\Local\Programs\MiKTeX 2.9\tex/latex/amsmath\amstext.sty"
Package: amstext 2000/06/29 v2.01 AMS text
 ("C:\Users\chris\AppData\Local\Programs\MiKTeX 2.9\tex/latex/amsmath\amsgen.sty"
File: amsgen.sty 1999/11/30 v2.0 generic functions
\@emptytoks=\toks20
\ex@=\dimen150
)) ("C:\Users\chris\AppData\Local\Programs\MiKTeX 2.9\tex/latex/amsmath\amsbsy.sty"
Package: amsbsy 1999/11/29 v1.2d Bold Symbols
\pmbraise@=\dimen151
) ("C:\Users\chris\AppData\Local\Programs\MiKTeX 2.9\tex/latex/amsmath\amsopn.sty"
Package: amsopn 2016/03/08 v2.02 operator names
)
\inf@bad=\count190
LaTeX Info: Redefining \frac on input line 234.
\uproot@=\count191
\leftroot@=\count192
LaTeX Info: Redefining \overline on input line 399.
\classnum@=\count193
\DOTSCASE@=\count194
LaTeX Info: Redefining \ldots on input line 496.
LaTeX Info: Redefining \dots on input line 499.
LaTeX Info: Redefining \cdots on input line 620.
\Mathstrutbox@=\box47
\strutbox@=\box48
\big@size=\dimen152
LaTeX Font Info:    Redeclaring font encoding OML on input line 743.
LaTeX Font Info:    Redeclaring font encoding OMS on input line 744.
\macc@depth=\count195
\c@MaxMatrixCols=\count196
\dotsspace@=\muskip16
\c@parentequation=\count197
\dspbrk@lvl=\count198
\tag@help=\toks21
\row@=\count199
\column@=\count266
\maxfields@=\count267
\andhelp@=\toks22
\eqnshift@=\dimen153
\alignsep@=\dimen154
\tagshift@=\dimen155
\tagwidth@=\dimen156
\totwidth@=\dimen157
\lineht@=\dimen158
\@envbody=\toks23
\multlinegap=\skip59
\multlinetaggap=\skip60
\mathdisplay@stack=\toks24
LaTeX Info: Redefining \[ on input line 2923.
LaTeX Info: Redefining \] on input line 2924.
) ("C:\Users\chris\AppData\Local\Programs\MiKTeX 2.9\tex/latex/amsfonts\amssymb.sty"
Package: amssymb 2013/01/14 v3.01 AMS font symbols
 ("C:\Users\chris\AppData\Local\Programs\MiKTeX 2.9\tex/latex/amsfonts\amsfonts.sty"
Package: amsfonts 2013/01/14 v3.01 Basic AMSFonts support
\symAMSa=\mathgroup4
\symAMSb=\mathgroup5
LaTeX Font Info:    Redeclaring math symbol \hbar on input line 98.
LaTeX Font Info:    Overwriting math alphabet `\mathfrak' in version `bold'
(Font)                  U/euf/m/n --> U/euf/b/n on input line 106.
)) ("C:\Users\chris\AppData\Local\Programs\MiKTeX 2.9\tex/latex/l3backend\l3backend-pdftex.def"
File: l3backend-pdftex.def 2020-09-24 L3 backend support: PDF output (pdfTeX)
\l__kernel_color_stack_int=\count268
\l__pdf_internal_box=\box49
) ("c:/Users\chris\OneDrive\Documentos\Latex\Proyecto Geometria\Geometria\build\Soluciones Teorema Geometria.aux")
\openout1 = `"Soluciones Teorema Geometria.aux"'.

LaTeX Font Info:    Checking defaults for OML/cmm/m/it on input line 12.
LaTeX Font Info:    ... okay on input line 12.
LaTeX Font Info:    Checking defaults for OMS/cmsy/m/n on input line 12.
LaTeX Font Info:    ... okay on input line 12.
LaTeX Font Info:    Checking defaults for OT1/cmr/m/n on input line 12.
LaTeX Font Info:    ... okay on input line 12.
LaTeX Font Info:    Checking defaults for T1/cmr/m/n on input line 12.
LaTeX Font Info:    ... okay on input line 12.
LaTeX Font Info:    Checking defaults for TS1/cmr/m/n on input line 12.
LaTeX Font Info:    ... okay on input line 12.
LaTeX Font Info:    Checking defaults for OMX/cmex/m/n on input line 12.
LaTeX Font Info:    ... okay on input line 12.
LaTeX Font Info:    Checking defaults for U/cmr/m/n on input line 12.
LaTeX Font Info:    ... okay on input line 12.

*geometry* driver: auto-detecting
*geometry* detected driver: pdftex
*geometry* verbose mode - [ preamble ] result:
* driver: pdftex
* paper: a4paper
* layout: <same size as paper>
* layoutoffset:(h,v)=(0.0pt,0.0pt)
* modes: 
* h-part:(L,W,R)=(56.9055pt, 483.69687pt, 56.9055pt)
* v-part:(T,H,B)=(71.13188pt, 688.5567pt, 85.35826pt)
* \paperwidth=597.50787pt
* \paperheight=845.04684pt
* \textwidth=483.69687pt
* \textheight=688.5567pt
* \oddsidemargin=-15.36449pt
* \evensidemargin=-15.36449pt
* \topmargin=-33.0119pt
* \headheight=12.0pt
* \headsep=19.8738pt
* \topskip=12.0pt
* \footskip=30.0pt
* \marginparwidth=38.0pt
* \marginparsep=7.0pt
* \columnsep=10.0pt
* \skip\footins=10.8pt plus 4.0pt minus 2.0pt
* \hoffset=0.0pt
* \voffset=0.0pt
* \mag=1000
* \@twocolumnfalse
* \@twosidefalse
* \@mparswitchfalse
* \@reversemarginfalse
* (1in=72.27pt=25.4mm, 1cm=28.453pt)

("C:\Users\chris\AppData\Local\Programs\MiKTeX 2.9\tex/context/base/mkii\supp-pdf.mkii"
[Loading MPS to PDF converter (version 2006.09.02).]
\scratchcounter=\count269
\scratchdimen=\dimen159
\scratchbox=\box50
\nofMPsegments=\count270
\nofMParguments=\count271
\everyMPshowfont=\toks25
\MPscratchCnt=\count272
\MPscratchDim=\dimen160
\MPnumerator=\count273
\makeMPintoPDFobject=\count274
\everyMPtoPDFconversion=\toks26
) ("C:\Users\chris\AppData\Local\Programs\MiKTeX 2.9\tex/latex/epstopdf-pkg\epstopdf-base.sty"
Package: epstopdf-base 2020-01-24 v2.11 Base part for package epstopdf
Package epstopdf-base Info: Redefining graphics rule for `.eps' on input line 485.
)
LaTeX Info: Redefining \. on input line 12.
LaTeX Info: Redefining \% on input line 12.

c:/Users/chris/OneDrive/Documentos/Latex/Proyecto Geometria/Geometria/Soluciones Teorema Geometria.tex:21: Undefined control sequence.
l.21 \Chapter
             {Demostraciones}
The control sequence at the end of the top line
of your error message was never \def'ed. If you have
misspelled it (e.g., `\hobx'), type `I' and the correct
spelling (e.g., `I\hbox'). Otherwise just continue,
and I'll forget about whatever was undefined.

LaTeX Font Info:    Trying to load font information for U+msa on input line 23.
("C:\Users\chris\AppData\Local\Programs\MiKTeX 2.9\tex/latex/amsfonts\umsa.fd"
File: umsa.fd 2013/01/14 v3.01 AMS symbols A
)
LaTeX Font Info:    Trying to load font information for U+msb on input line 23.
 ("C:\Users\chris\AppData\Local\Programs\MiKTeX 2.9\tex/latex/amsfonts\umsb.fd"
File: umsb.fd 2013/01/14 v3.01 AMS symbols B
)
Underfull \hbox (badness 10000) in paragraph at lines 23--25

 []

<Imagenes/demo1.png, id=1, 285.76147pt x 176.80339pt>
File: Imagenes/demo1.png Graphic file (type png)
<use Imagenes/demo1.png>
Package pdftex.def Info: Imagenes/demo1.png  used on input line 26.
(pdftex.def)             Requested size: 200.03166pt x 123.76152pt.

Overfull \hbox (21.15451pt too wide) in paragraph at lines 28--36
[] 
 []


Underfull \hbox (badness 10000) in paragraph at lines 38--40

 []

<Imagenes/demo2.png, id=3, 293.32033pt x 185.83714pt>
File: Imagenes/demo2.png Graphic file (type png)
<use Imagenes/demo2.png>
Package pdftex.def Info: Imagenes/demo2.png  used on input line 41.
(pdftex.def)             Requested size: 205.32281pt x 130.0851pt.

Overfull \hbox (21.15451pt too wide) in paragraph at lines 43--57
[] 
 []

<Imagenes/image001.png, id=4, 309.40594pt x 164.11313pt>
File: Imagenes/image001.png Graphic file (type png)
<use Imagenes/image001.png>
Package pdftex.def Info: Imagenes/image001.png  used on input line 57.
(pdftex.def)             Requested size: 77.35129pt x 41.02817pt.

Package Fancyhdr Warning: \headheight is too small (12.0pt): 
Make it at least 45.3782pt.
We now make it that large for the rest of the document.
This may cause the page layout to be inconsistent, however.

[1{C:/Users/chris/AppData/Local/MiKTeX/2.9/pdftex/config/pdftex.map}

 <./Imagenes/image001.png> <./Imagenes/demo1.png> <./Imagenes/demo2.png>]
Underfull \hbox (badness 10000) in paragraph at lines 58--60

 []


Underfull \hbox (badness 10000) in paragraph at lines 58--60

 []

<Imagenes/demo3.png, id=18, 604.61816pt x 456.6484pt>
File: Imagenes/demo3.png Graphic file (type png)
<use Imagenes/demo3.png>
Package pdftex.def Info: Imagenes/demo3.png  used on input line 61.
(pdftex.def)             Requested size: 272.07565pt x 205.48988pt.
File: Imagenes/image001.png Graphic file (type png)
<use Imagenes/image001.png>
Package pdftex.def Info: Imagenes/image001.png  used on input line 71.
(pdftex.def)             Requested size: 77.35129pt x 41.02817pt.
[2 <./Imagenes/demo3.png>]
Underfull \hbox (badness 10000) in paragraph at lines 71--73

 []

<Imagenes/thales 1.png, id=24, 358.16522pt x 274.13603pt>
File: Imagenes/thales 1.png Graphic file (type png)
<use Imagenes/thales 1.png>
Package pdftex.def Info: Imagenes/thales 1.png  used on input line 74.
(pdftex.def)             Requested size: 214.90079pt x 164.48288pt.

Overfull \hbox (21.15451pt too wide) in paragraph at lines 76--87
[] 
 []


Underfull \hbox (badness 10000) in paragraph at lines 88--91

 []

<Imagenes/thales1.1.png, id=25, 369.43445pt x 270.95125pt>
File: Imagenes/thales1.1.png Graphic file (type png)
<use Imagenes/thales1.1.png>
Package pdftex.def Info: Imagenes/thales1.1.png  used on input line 92.
(pdftex.def)             Requested size: 221.66237pt x 162.57199pt.
File: Imagenes/image001.png Graphic file (type png)
<use Imagenes/image001.png>
Package pdftex.def Info: Imagenes/image001.png  used on input line 93.
(pdftex.def)             Requested size: 77.35129pt x 41.02817pt.
[3 <./Imagenes/thales 1.png>]
Overfull \hbox (21.15451pt too wide) in paragraph at lines 94--102
[] 
 []

<Imagenes/thales.png, id=30, 299.34677pt x 247.20769pt>
File: Imagenes/thales.png Graphic file (type png)
<use Imagenes/thales.png>
Package pdftex.def Info: Imagenes/thales.png  used on input line 105.
(pdftex.def)             Requested size: 179.60944pt x 148.32574pt.

c:/Users/chris/OneDrive/Documentos/Latex/Proyecto Geometria/Geometria/Soluciones Teorema Geometria.tex:108: LaTeX Error: There's no line here to end.

See the LaTeX manual or LaTeX Companion for explanation.
Type  H <return>  for immediate help.
 ...                                              
                                                  
l.108 \begin
            {center}
Your command was ignored.
Type  I <command> <return>  to replace it with another command,
or  <return>  to continue without it.

<Imagenes/thales2.png, id=31, 313.43842pt x 224.05713pt>
File: Imagenes/thales2.png Graphic file (type png)
<use Imagenes/thales2.png>
Package pdftex.def Info: Imagenes/thales2.png  used on input line 109.
(pdftex.def)             Requested size: 188.06448pt x 134.4353pt.
File: Imagenes/image001.png Graphic file (type png)
<use Imagenes/image001.png>
Package pdftex.def Info: Imagenes/image001.png  used on input line 110.
(pdftex.def)             Requested size: 77.35129pt x 41.02817pt.
[4 <./Imagenes/thales1.1.png> <./Imagenes/thales.png>]
Overfull \hbox (21.15451pt too wide) in paragraph at lines 111--121
[] 
 []


Underfull \hbox (badness 10000) in paragraph at lines 122--124

 []

<Imagenes/semejanza.png, id=37, 421.04314pt x 173.07257pt>
File: Imagenes/semejanza.png Graphic file (type png)
<use Imagenes/semejanza.png>
Package pdftex.def Info: Imagenes/semejanza.png  used on input line 125.
(pdftex.def)             Requested size: 336.83496pt x 138.45824pt.

Overfull \hbox (21.15451pt too wide) in paragraph at lines 127--141
[] 
 []

File: Imagenes/image001.png Graphic file (type png)
<use Imagenes/image001.png>
Package pdftex.def Info: Imagenes/image001.png  used on input line 141.
(pdftex.def)             Requested size: 77.35129pt x 41.02817pt.
[5 <./Imagenes/thales2.png> <./Imagenes/semejanza.png>]
Underfull \hbox (badness 10000) in paragraph at lines 142--144

 []

File: Imagenes/semejanza.png Graphic file (type png)
<use Imagenes/semejanza.png>
Package pdftex.def Info: Imagenes/semejanza.png  used on input line 145.
(pdftex.def)             Requested size: 336.83496pt x 138.45824pt.

Overfull \hbox (21.15451pt too wide) in paragraph at lines 147--159
[] 
 []

File: Imagenes/image001.png Graphic file (type png)
<use Imagenes/image001.png>
Package pdftex.def Info: Imagenes/image001.png  used on input line 159.
(pdftex.def)             Requested size: 77.35129pt x 41.02817pt.
[6]
File: Imagenes/semejanza.png Graphic file (type png)
<use Imagenes/semejanza.png>
Package pdftex.def Info: Imagenes/semejanza.png  used on input line 164.
(pdftex.def)             Requested size: 315.78157pt x 129.80411pt.

Overfull \hbox (21.15451pt too wide) in paragraph at lines 160--177
[] 
 []

<Imagenes/pitagoras.png, id=46, 272.9784pt x 166.44568pt>
File: Imagenes/pitagoras.png Graphic file (type png)
<use Imagenes/pitagoras.png>
Package pdftex.def Info: Imagenes/pitagoras.png  used on input line 183.
(pdftex.def)             Requested size: 218.383pt x 133.15671pt.

Overfull \hbox (21.15451pt too wide) in paragraph at lines 178--196
[] 
 []

File: Imagenes/image001.png Graphic file (type png)
<use Imagenes/image001.png>
Package pdftex.def Info: Imagenes/image001.png  used on input line 196.
(pdftex.def)             Requested size: 77.35129pt x 41.02817pt.
[7]
File: Imagenes/pitagoras.png Graphic file (type png)
<use Imagenes/pitagoras.png>
Package pdftex.def Info: Imagenes/pitagoras.png  used on input line 199.
(pdftex.def)             Requested size: 218.383pt x 133.15671pt.


c:/Users/chris/OneDrive/Documentos/Latex/Proyecto Geometria/Geometria/Soluciones Teorema Geometria.tex:202: LaTeX Error: There's no line here to end.

See the LaTeX manual or LaTeX Companion for explanation.
Type  H <return>  for immediate help.
 ...                                              
                                                  
l.202 \begin
            {tabular}{p{15.9cm}p{1cm}}
Your command was ignored.
Type  I <command> <return>  to replace it with another command,
or  <return>  to continue without it.


Overfull \hbox (21.15451pt too wide) in paragraph at lines 202--222
[] 
 []


Underfull \hbox (badness 10000) in paragraph at lines 202--222

 []

File: Imagenes/image001.png Graphic file (type png)
<use Imagenes/image001.png>
Package pdftex.def Info: Imagenes/image001.png  used on input line 222.
(pdftex.def)             Requested size: 77.35129pt x 41.02817pt.
[8 <./Imagenes/pitagoras.png>]
Underfull \hbox (badness 10000) in paragraph at lines 223--225

 []

<Imagenes/medianas.png, id=55, 325.215pt x 210.25702pt>
File: Imagenes/medianas.png Graphic file (type png)
<use Imagenes/medianas.png>
Package pdftex.def Info: Imagenes/medianas.png  used on input line 226.
(pdftex.def)             Requested size: 260.17235pt x 168.20584pt.

Overfull \hbox (21.15451pt too wide) in paragraph at lines 228--238
[] 
 []

File: Imagenes/image001.png Graphic file (type png)
<use Imagenes/image001.png>
Package pdftex.def Info: Imagenes/image001.png  used on input line 238.
(pdftex.def)             Requested size: 77.35129pt x 41.02817pt.
[9 <./Imagenes/medianas.png>]
<Imagenes/bisectriz.png, id=61, 366.5475pt x 245.7675pt>
File: Imagenes/bisectriz.png Graphic file (type png)
<use Imagenes/bisectriz.png>
Package pdftex.def Info: Imagenes/bisectriz.png  used on input line 244.
(pdftex.def)             Requested size: 183.27328pt x 122.88344pt.
<Imagenes/bisectriz1.png, id=62, 363.33pt x 246.7575pt>
File: Imagenes/bisectriz1.png Graphic file (type png)
<use Imagenes/bisectriz1.png>
Package pdftex.def Info: Imagenes/bisectriz1.png  used on input line 245.
(pdftex.def)             Requested size: 181.66455pt x 123.37845pt.

Overfull \hbox (21.15451pt too wide) in paragraph at lines 239--263
[] 
 []

<Imagenes/mediatriz.png, id=63, 362.52194pt x 245.718pt>
File: Imagenes/mediatriz.png Graphic file (type png)
<use Imagenes/mediatriz.png>
Package pdftex.def Info: Imagenes/mediatriz.png  used on input line 268.
(pdftex.def)             Requested size: 217.51485pt x 147.43193pt.

Overfull \hbox (21.15451pt too wide) in paragraph at lines 264--280
[] 
 []

File: Imagenes/image001.png Graphic file (type png)
<use Imagenes/image001.png>
Package pdftex.def Info: Imagenes/image001.png  used on input line 280.
(pdftex.def)             Requested size: 77.35129pt x 41.02817pt.
[10 <./Imagenes/bisectriz.png> <./Imagenes/bisectriz1.png>]
Underfull \hbox (badness 10000) in paragraph at lines 281--283

 []

<Imagenes/alturas.png, id=70, 299.63834pt x 261.04579pt>
File: Imagenes/alturas.png Graphic file (type png)
<use Imagenes/alturas.png>
Package pdftex.def Info: Imagenes/alturas.png  used on input line 284.
(pdftex.def)             Requested size: 179.78438pt x 156.62866pt.

Overfull \hbox (21.15451pt too wide) in paragraph at lines 286--294
[] 
 []

File: Imagenes/image001.png Graphic file (type png)
<use Imagenes/image001.png>
Package pdftex.def Info: Imagenes/image001.png  used on input line 294.
(pdftex.def)             Requested size: 77.35129pt x 41.02817pt.
[11 <./Imagenes/mediatriz.png> <./Imagenes/alturas.png>]
<Imagenes/circulo.png, id=76, 243.20915pt x 204.07849pt>
File: Imagenes/circulo.png Graphic file (type png)
<use Imagenes/circulo.png>
Package pdftex.def Info: Imagenes/circulo.png  used on input line 299.
(pdftex.def)             Requested size: 145.9266pt x 122.44803pt.

Overfull \hbox (21.15451pt too wide) in paragraph at lines 301--310
[] 
 []


Underfull \hbox (badness 10000) in paragraph at lines 301--310

 []

<Imagenes/circulo 1.png, id=77, 247.5154pt x 229.72873pt>
File: Imagenes/circulo 1.png Graphic file (type png)
<use Imagenes/circulo 1.png>
Package pdftex.def Info: Imagenes/circulo 1.png  used on input line 311.
(pdftex.def)             Requested size: 148.51036pt x 137.83829pt.
<Imagenes/circulo 2.png, id=78, 233.66052pt x 251.07272pt>
File: Imagenes/circulo 2.png Graphic file (type png)
<use Imagenes/circulo 2.png>
Package pdftex.def Info: Imagenes/circulo 2.png  used on input line 322.
(pdftex.def)             Requested size: 140.19739pt x 150.64479pt.

Overfull \hbox (21.15451pt too wide) in paragraph at lines 313--330
[] 
 []

File: Imagenes/image001.png Graphic file (type png)
<use Imagenes/image001.png>
Package pdftex.def Info: Imagenes/image001.png  used on input line 330.
(pdftex.def)             Requested size: 77.35129pt x 41.02817pt.
[12 <./Imagenes/circulo.png> <./Imagenes/circulo 1.png>]
Overfull \hbox (9.0117pt too wide) in paragraph at lines 330--330
[]\OT1/cmr/bx/n/17.28 10.2. Teo-re-ma de la me-di-da del angu-lo semi-inscrito. 
 []


Underfull \hbox (badness 10000) in paragraph at lines 331--333

 []

<Imagenes/circulo 3.png, id=84, 287.20772pt x 255.94064pt>
File: Imagenes/circulo 3.png Graphic file (type png)
<use Imagenes/circulo 3.png>
Package pdftex.def Info: Imagenes/circulo 3.png  used on input line 334.
(pdftex.def)             Requested size: 172.32596pt x 153.56555pt.

Overfull \hbox (21.15451pt too wide) in paragraph at lines 336--343
[] 
 []

File: Imagenes/image001.png Graphic file (type png)
<use Imagenes/image001.png>
Package pdftex.def Info: Imagenes/image001.png  used on input line 343.
(pdftex.def)             Requested size: 77.35129pt x 41.02817pt.
[13 <./Imagenes/circulo 2.png> <./Imagenes/circulo 3.png>]
<Imagenes/ciclico.png, id=91, 237.40508pt x 234.78389pt>
File: Imagenes/ciclico.png Graphic file (type png)
<use Imagenes/ciclico.png>
Package pdftex.def Info: Imagenes/ciclico.png  used on input line 348.
(pdftex.def)             Requested size: 142.44412pt x 140.8714pt.
<Imagenes/ciclico1.png, id=92, 241.71132pt x 238.15399pt>
File: Imagenes/ciclico1.png Graphic file (type png)
<use Imagenes/ciclico1.png>
Package pdftex.def Info: Imagenes/ciclico1.png  used on input line 349.
(pdftex.def)             Requested size: 145.0279pt x 142.89348pt.

Overfull \hbox (21.15451pt too wide) in paragraph at lines 344--358
[] 
 []

<Imagenes/ciclico 2.png, id=93, 376.51547pt x 210.63147pt>
File: Imagenes/ciclico 2.png Graphic file (type png)
<use Imagenes/ciclico 2.png>
Package pdftex.def Info: Imagenes/ciclico 2.png  used on input line 359.
(pdftex.def)             Requested size: 225.91101pt x 126.37985pt.
<Imagenes/ciclico 3.png, id=94, 317.1642pt x 211.38039pt>
File: Imagenes/ciclico 3.png Graphic file (type png)
<use Imagenes/ciclico 3.png>
Package pdftex.def Info: Imagenes/ciclico 3.png  used on input line 360.
(pdftex.def)             Requested size: 190.29997pt x 126.8292pt.

Overfull \hbox (21.15451pt too wide) in paragraph at lines 362--379
[]
 []


Overfull \hbox (21.15451pt too wide) in paragraph at lines 362--379
[] 
 []

File: Imagenes/image001.png Graphic file (type png)
<use Imagenes/image001.png>
Package pdftex.def Info: Imagenes/image001.png  used on input line 379.
(pdftex.def)             Requested size: 77.35129pt x 41.02817pt.
[14 <./Imagenes/ciclico.png> <./Imagenes/ciclico1.png> <./Imagenes/ciclico 2.png> <./Imagenes/ciclico 3.png>]
Underfull \hbox (badness 10000) in paragraph at lines 381--383

 []

<Imagenes/paralelogramo.png, id=102, 299.54013pt x 166.41118pt>
File: Imagenes/paralelogramo.png Graphic file (type png)
<use Imagenes/paralelogramo.png>
Package pdftex.def Info: Imagenes/paralelogramo.png  used on input line 384.
(pdftex.def)             Requested size: 209.67665pt x 116.48701pt.
File: Imagenes/image001.png Graphic file (type png)
<use Imagenes/image001.png>
Package pdftex.def Info: Imagenes/image001.png  used on input line 396.
(pdftex.def)             Requested size: 77.35129pt x 41.02817pt.
[15 <./Imagenes/paralelogramo.png>]
Overfull \hbox (21.15451pt too wide) in paragraph at lines 396--402
[] 
 []

<Imagenes/recta_euler.png, id=107, 297.87971pt x 226.1714pt>
File: Imagenes/recta_euler.png Graphic file (type png)
<use Imagenes/recta_euler.png>
Package pdftex.def Info: Imagenes/recta_euler.png  used on input line 407.
(pdftex.def)             Requested size: 208.51437pt x 158.3189pt.

Overfull \hbox (21.15451pt too wide) in paragraph at lines 403--419
[] 
 []

<Imagenes/circunferencia nueve.png, id=108, 362.1643pt x 284.80487pt>
File: Imagenes/circunferencia nueve.png Graphic file (type png)
<use Imagenes/circunferencia nueve.png>
Package pdftex.def Info: Imagenes/circunferencia nueve.png  used on input line 424.
(pdftex.def)             Requested size: 253.51328pt x 199.36203pt.

Underfull \hbox (badness 10000) in paragraph at lines 420--441

 []


Overfull \hbox (21.15451pt too wide) in paragraph at lines 420--441
[] 
 []

File: Imagenes/image001.png Graphic file (type png)
<use Imagenes/image001.png>
Package pdftex.def Info: Imagenes/image001.png  used on input line 441.
(pdftex.def)             Requested size: 77.35129pt x 41.02817pt.
[16 <./Imagenes/recta_euler.png>]
Underfull \hbox (badness 10000) in paragraph at lines 442--452

 []


Overfull \hbox (21.15451pt too wide) in paragraph at lines 442--452
[] 
 []

File: Imagenes/image001.png Graphic file (type png)
<use Imagenes/image001.png>
Package pdftex.def Info: Imagenes/image001.png  used on input line 452.
(pdftex.def)             Requested size: 77.35129pt x 41.02817pt.
[17 <./Imagenes/circunferencia nueve.png>]
<Imagenes/Ceva.png, id=117, 344.4428pt x 190.95192pt>
File: Imagenes/Ceva.png Graphic file (type png)
<use Imagenes/Ceva.png>
Package pdftex.def Info: Imagenes/Ceva.png  used on input line 456.
(pdftex.def)             Requested size: 275.5546pt x 152.76172pt.

Overfull \hbox (21.15451pt too wide) in paragraph at lines 458--475
[]
 []


Overfull \hbox (21.15451pt too wide) in paragraph at lines 458--475
[] 
 []

File: Imagenes/image001.png Graphic file (type png)
<use Imagenes/image001.png>
Package pdftex.def Info: Imagenes/image001.png  used on input line 475.
(pdftex.def)             Requested size: 77.35129pt x 41.02817pt.
[18 <./Imagenes/Ceva.png>]
<Imagenes/Menelao1.png, id=122, 352.81976pt x 197.14308pt>
File: Imagenes/Menelao1.png Graphic file (type png)
<use Imagenes/Menelao1.png>
Package pdftex.def Info: Imagenes/Menelao1.png  used on input line 479.
(pdftex.def)             Requested size: 246.97214pt x 137.99919pt.


c:/Users/chris/OneDrive/Documentos/Latex/Proyecto Geometria/Geometria/Soluciones Teorema Geometria.tex:482: LaTeX Error: There's no line here to end.

See the LaTeX manual or LaTeX Companion for explanation.
Type  H <return>  for immediate help.
 ...                                              
                                                  
l.482 \begin
            {tabular}{p{15.9 cm} p{1cm}}
Your command was ignored.
Type  I <command> <return>  to replace it with another command,
or  <return>  to continue without it.


Overfull \hbox (21.15451pt too wide) in paragraph at lines 482--490
[] 
 []

File: Imagenes/image001.png Graphic file (type png)
<use Imagenes/image001.png>
Package pdftex.def Info: Imagenes/image001.png  used on input line 500.
(pdftex.def)             Requested size: 77.35129pt x 41.02817pt.
[19 <./Imagenes/Menelao1.png>]
<Imagenes/bisectriz_int.png, id=129, 252.82652pt x 356.13708pt>
File: Imagenes/bisectriz_int.png Graphic file (type png)
<use Imagenes/bisectriz_int.png>
Package pdftex.def Info: Imagenes/bisectriz_int.png  used on input line 503.
(pdftex.def)             Requested size: 151.69707pt x 213.6839pt.

Overfull \hbox (21.15451pt too wide) in paragraph at lines 505--514
[] 
 []

<Imagenes/bisectriz_ext.png, id=130, 493.09465pt x 236.47691pt>
File: Imagenes/bisectriz_ext.png Graphic file (type png)
<use Imagenes/bisectriz_ext.png>
Package pdftex.def Info: Imagenes/bisectriz_ext.png  used on input line 516.
(pdftex.def)             Requested size: 295.85905pt x 141.88724pt.

Overfull \hbox (21.15451pt too wide) in paragraph at lines 518--523
[] 
 []

File: Imagenes/image001.png Graphic file (type png)
<use Imagenes/image001.png>
Package pdftex.def Info: Imagenes/image001.png  used on input line 523.
(pdftex.def)             Requested size: 77.35129pt x 41.02817pt.
[20 <./Imagenes/bisectriz_int.png> <./Imagenes/bisectriz_ext.png>]
Underfull \hbox (badness 10000) in paragraph at lines 524--526

 []

<Imagenes/pappus.png, id=136, 414.90088pt x 265.85883pt>
File: Imagenes/pappus.png Graphic file (type png)
<use Imagenes/pappus.png>
Package pdftex.def Info: Imagenes/pappus.png  used on input line 527.
(pdftex.def)             Requested size: 186.70366pt x 119.63536pt.
<Imagenes/pappus1.png, id=137, 529.81557pt x 354.44365pt>
File: Imagenes/pappus1.png Graphic file (type png)
<use Imagenes/pappus1.png>
Package pdftex.def Info: Imagenes/pappus1.png  used on input line 528.
(pdftex.def)             Requested size: 238.4148pt x 159.49817pt.
<Imagenes/pappus2.png, id=138, 395.3594pt x 432.50127pt>
File: Imagenes/pappus2.png Graphic file (type png)
<use Imagenes/pappus2.png>
Package pdftex.def Info: Imagenes/pappus2.png  used on input line 534.
(pdftex.def)             Requested size: 189.77036pt x 207.59825pt.
File: Imagenes/image001.png Graphic file (type png)
<use Imagenes/image001.png>
Package pdftex.def Info: Imagenes/image001.png  used on input line 536.
(pdftex.def)             Requested size: 77.35129pt x 41.02817pt.
[21 <./Imagenes/pappus.png> <./Imagenes/pappus1.png> <./Imagenes/pappus2.png>]
Underfull \hbox (badness 10000) in paragraph at lines 549--551

 []

<Imagenes/desargue.png, id=145, 507.03714pt x 558.085pt>
File: Imagenes/desargue.png Graphic file (type png)
<use Imagenes/desargue.png>
Package pdftex.def Info: Imagenes/desargue.png  used on input line 552.
(pdftex.def)             Requested size: 253.51794pt x 279.04182pt.
File: Imagenes/image001.png Graphic file (type png)
<use Imagenes/image001.png>
Package pdftex.def Info: Imagenes/image001.png  used on input line 561.
(pdftex.def)             Requested size: 77.35129pt x 41.02817pt.
[22 <./Imagenes/desargue.png>]
Overfull \hbox (21.15451pt too wide) in paragraph at lines 571--596
[] 
 []

File: Imagenes/image001.png Graphic file (type png)
<use Imagenes/image001.png>
Package pdftex.def Info: Imagenes/image001.png  used on input line 596.
(pdftex.def)             Requested size: 77.35129pt x 41.02817pt.
[23]
File: Imagenes/image001.png Graphic file (type png)
<use Imagenes/image001.png>
Package pdftex.def Info: Imagenes/image001.png  used on input line 607.
(pdftex.def)             Requested size: 77.35129pt x 41.02817pt.
 [24]
Overfull \hbox (21.15451pt too wide) in paragraph at lines 611--631
[] 
 []

File: Imagenes/image001.png Graphic file (type png)
<use Imagenes/image001.png>
Package pdftex.def Info: Imagenes/image001.png  used on input line 631.
(pdftex.def)             Requested size: 77.35129pt x 41.02817pt.
[25]
Overfull \hbox (21.15451pt too wide) in paragraph at lines 635--645
[] 
 []

File: Imagenes/image001.png Graphic file (type png)
<use Imagenes/image001.png>
Package pdftex.def Info: Imagenes/image001.png  used on input line 646.
(pdftex.def)             Requested size: 77.35129pt x 41.02817pt.
[26]
Overfull \hbox (21.15451pt too wide) in paragraph at lines 646--660
[] 
 []

<Imagenes/stewart.png, id=163, 295.77167pt x 182.51521pt>
File: Imagenes/stewart.png Graphic file (type png)
<use Imagenes/stewart.png>
Package pdftex.def Info: Imagenes/stewart.png  used on input line 663.
(pdftex.def)             Requested size: 177.46436pt x 109.50996pt.

c:/Users/chris/OneDrive/Documentos/Latex/Proyecto Geometria/Geometria/Soluciones Teorema Geometria.tex:666: LaTeX Error: There's no line here to end.

See the LaTeX manual or LaTeX Companion for explanation.
Type  H <return>  for immediate help.
 ...                                              
                                                  
l.666 D
       efinimos $\theta=\angle CXA$.
Your command was ignored.
Type  I <command> <return>  to replace it with another command,
or  <return>  to continue without it.

File: Imagenes/image001.png Graphic file (type png)
<use Imagenes/image001.png>
Package pdftex.def Info: Imagenes/image001.png  used on input line 686.
(pdftex.def)             Requested size: 77.35129pt x 41.02817pt.
[27 <./Imagenes/stewart.png>]
File: Imagenes/image001.png Graphic file (type png)
<use Imagenes/image001.png>
Package pdftex.def Info: Imagenes/image001.png  used on input line 710.
(pdftex.def)             Requested size: 77.35129pt x 41.02817pt.
 [28]
Underfull \hbox (badness 10000) in paragraph at lines 714--716

 []


Underfull \hbox (badness 10000) in paragraph at lines 731--733

 []

File: Imagenes/image001.png Graphic file (type png)
<use Imagenes/image001.png>
Package pdftex.def Info: Imagenes/image001.png  used on input line 733.
(pdftex.def)             Requested size: 77.35129pt x 41.02817pt.
[29]
Underfull \hbox (badness 10000) in paragraph at lines 734--736

 []

File: Imagenes/image001.png Graphic file (type png)
<use Imagenes/image001.png>
Package pdftex.def Info: Imagenes/image001.png  used on input line 754.
(pdftex.def)             Requested size: 77.35129pt x 41.02817pt.
[30]
File: Imagenes/image001.png Graphic file (type png)
<use Imagenes/image001.png>
Package pdftex.def Info: Imagenes/image001.png  used on input line 770.
(pdftex.def)             Requested size: 77.35129pt x 41.02817pt.
 [31]
File: Imagenes/image001.png Graphic file (type png)
<use Imagenes/image001.png>
Package pdftex.def Info: Imagenes/image001.png  used on input line 802.
(pdftex.def)             Requested size: 77.35129pt x 41.02817pt.
 [32]
Overfull \hbox (25.63391pt too wide) in alignment at lines 825--832
 [][][] []
 []

File: Imagenes/image001.png Graphic file (type png)
<use Imagenes/image001.png>
Package pdftex.def Info: Imagenes/image001.png  used on input line 832.
(pdftex.def)             Requested size: 77.35129pt x 41.02817pt.
[33]
File: Imagenes/image001.png Graphic file (type png)
<use Imagenes/image001.png>
Package pdftex.def Info: Imagenes/image001.png  used on input line 854.
(pdftex.def)             Requested size: 77.35129pt x 41.02817pt.
 [34]
File: Imagenes/image001.png Graphic file (type png)
<use Imagenes/image001.png>
Package pdftex.def Info: Imagenes/image001.png  used on input line 868.
(pdftex.def)             Requested size: 77.35129pt x 41.02817pt.
 [35]
File: Imagenes/image001.png Graphic file (type png)
<use Imagenes/image001.png>
Package pdftex.def Info: Imagenes/image001.png  used on input line 883.
(pdftex.def)             Requested size: 77.35129pt x 41.02817pt.
 [36]
File: Imagenes/image001.png Graphic file (type png)
<use Imagenes/image001.png>
Package pdftex.def Info: Imagenes/image001.png  used on input line 890.
(pdftex.def)             Requested size: 77.35129pt x 41.02817pt.
 [37] ("c:/Users\chris\OneDrive\Documentos\Latex\Proyecto Geometria\Geometria\build\Soluciones Teorema Geometria.aux"
LaTeX Info: Redefining \. on input line 8.
LaTeX Info: Redefining \% on input line 8.
) ) 
Here is how much of TeX's memory you used:
 4402 strings out of 479799
 63660 string characters out of 2867787
 368872 words of memory out of 3000000
 21315 multiletter control sequences out of 15000+200000
 542595 words of font info for 58 fonts, out of 3000000 for 9000
 1141 hyphenation exceptions out of 8191
 66i,16n,72p,810b,385s stack positions out of 5000i,500n,10000p,200000b,50000s
<C:/Users/chris/AppData/Local/Programs/MiKTeX 2.9/fonts/type1/public/amsfonts/cm/cmbx12.pfb><C:/Users/chris/AppData/Local/Programs/MiKTeX 2.9/fonts/type1/public/amsfonts/cm/cmex10.pfb><C:/Users/chris/AppData/Local/Programs/MiKTeX 2.9/fonts/type1/public/amsfonts/cm/cmmi12.pfb><C:/Users/chris/AppData/Local/Programs/MiKTeX 2.9/fonts/type1/public/amsfonts/cm/cmmi8.pfb><C:/Users/chris/AppData/Local/Programs/MiKTeX 2.9/fonts/type1/public/amsfonts/cm/cmr12.pfb><C:/Users/chris/AppData/Local/Programs/MiKTeX 2.9/fonts/type1/public/amsfonts/cm/cmr8.pfb><C:/Users/chris/AppData/Local/Programs/MiKTeX 2.9/fonts/type1/public/amsfonts/cm/cmss12.pfb><C:/Users/chris/AppData/Local/Programs/MiKTeX 2.9/fonts/type1/public/amsfonts/cm/cmssbx10.pfb><C:/Users/chris/AppData/Local/Programs/MiKTeX 2.9/fonts/type1/public/amsfonts/cm/cmsy10.pfb><C:/Users/chris/AppData/Local/Programs/MiKTeX 2.9/fonts/type1/public/amsfonts/cm/cmsy8.pfb><C:/Users/chris/AppData/Local/Programs/MiKTeX 2.9/fonts/type1/public/amsfonts/symbols/msam10.pfb>
Output written on "c:/Users\chris\OneDrive\Documentos\Latex\Proyecto Geometria\Geometria\build\Soluciones Teorema Geometria.pdf" (37 pages, 1897948 bytes).
PDF statistics:
 237 PDF objects out of 1000 (max. 8388607)
 0 named destinations out of 1000 (max. 500000)
 176 words of extra memory for PDF output out of 10000 (max. 10000000)

